// 重构日志: 5e4bff5a
// 重构日志: cab2601d
// 重构日志: dd30fabd
// 重构日志: 900e8412
// 重构日志: 4903c5b2
// 重构日志: e0bf0d07
// 重构日志: 7de2536d
// 重构日志: 2d1d0a09
// 重构日志: a67f3f2f
// 重构日志: 84470d70
// 同步 ID: 6f286939 @ Sun Jul 12 12:01:48 UTC 2026
// 重构日志: 76a91654
// 重构日志: 0b1b3205
// 同步 ID: 7b8d12a2 @ Tue Jul 14 04:02:55 UTC 2026
// 同步 ID: 1f774cbb @ Tue Jul 14 06:31:40 UTC 2026
// 同步 ID: c429383f @ Tue Jul 14 09:32:52 UTC 2026
// 重构日志: 83702ec7
// 重构日志: e9d20b27
// 重构日志: b6d36271
// 同步 ID: 19416aec @ Wed Jul 15 17:14:36 UTC 2026
// 重构日志: fa57f8e5
// 同步 ID: cd38c42b @ Thu Jul 16 00:53:05 UTC 2026
// 重构日志: a60ba9e0
// 重构日志: f166ad49
// 同步 ID: fc55b4d8 @ Thu Jul 16 21:21:50 UTC 2026
// 重构日志: 769ba30d
// 同步 ID: a34fd0b7 @ Fri Jul 17 07:27:21 UTC 2026
// 重构日志: b6409a7f
// 重构日志: e2d1b5f2
// 同步 ID: b8eaa3b9 @ Fri Jul 17 19:44:14 UTC 2026
// 重构日志: 9a0b4343
// 重构日志: 99dacde9
